0 verbose cli /usr/local/bin/node /usr/local/bin/npm
1 info using npm@8.11.0
2 info using node@v16.16.0
3 timing npm:load:whichnode Completed in 1ms
4 timing config:load:defaults Completed in 2ms
5 timing config:load:file:/usr/local/lib/node_modules/npm/npmrc Completed in 2ms
6 timing config:load:builtin Completed in 2ms
7 warn config production Use `--omit=dev` instead.
8 timing config:load:cli Completed in 6ms
9 timing config:load:env Completed in 0ms
10 timing config:load:file:/data/.npmrc Completed in 2ms
11 timing config:load:project Completed in 11ms
12 timing config:load:file:/usr/src/node-red/.npmrc Completed in 0ms
13 timing config:load:user Completed in 0ms
14 timing config:load:file:/usr/local/etc/npmrc Completed in 1ms
15 timing config:load:global Completed in 2ms
16 timing config:load:validate Completed in 1ms
17 timing config:load:credentials Completed in 1ms
18 timing config:load:setEnvs Completed in 1ms
19 timing config:load Completed in 27ms
20 timing npm:load:configload Completed in 27ms
21 timing npm:load:mkdirpcache Completed in 3ms
22 timing npm:load:mkdirplogs Completed in 2ms
23 verbose title npm install node-red-contrib-dht-sensor@1.0.4
24 verbose argv "install" "--no-audit" "--no-update-notifier" "--no-fund" "--save" "--save-prefix" "~" "--production" "--engine-strict" "node-red-contrib-dht-sensor@1.0.4"
25 timing npm:load:setTitle Completed in 2ms
26 timing config:load:flatten Completed in 4ms
27 timing npm:load:display Completed in 7ms
28 verbose logfile logs-max:10 dir:/data/.npm/_logs
29 verbose logfile /data/.npm/_logs/2022-12-21T06_13_21_142Z-debug-0.log
30 timing npm:load:logFile Completed in 20ms
31 timing npm:load:timers Completed in 0ms
32 timing npm:load:configScope Completed in 0ms
33 timing npm:load Completed in 63ms
34 timing arborist:ctor Completed in 0ms
35 silly logfile done cleaning log files
36 timing arborist:ctor Completed in 0ms
37 timing idealTree:init Completed in 23ms
38 timing idealTree:userRequests Completed in 4ms
39 silly idealTree buildDeps
40 silly fetch manifest node-red-contrib-dht-sensor@1.0.4
41 http fetch GET 200 https://registry.npmjs.org/node-red-contrib-dht-sensor 2092ms (cache miss)
42 silly placeDep ROOT node-red-contrib-dht-sensor@1.0.4 OK for: node-red-project@0.0.1 want: 1.0.4
43 silly fetch manifest node-dht-sensor@*
44 http fetch GET 200 https://registry.npmjs.org/node-dht-sensor 800ms (cache miss)
45 timing idealTree:#root Completed in 2908ms
46 silly placeDep ROOT node-dht-sensor@0.4.3 OK for: node-red-contrib-dht-sensor@1.0.4 want: *
47 silly fetch manifest node-addon-api@^1.6.3
48 http fetch GET 200 https://registry.npmjs.org/node-addon-api 168ms (cache miss)
49 timing idealTree:node_modules/node-red-contrib-dht-sensor Completed in 178ms
50 silly placeDep ROOT node-addon-api@1.7.2 OK for: node-dht-sensor@0.4.3 want: ^1.6.3
51 timing idealTree:node_modules/node-dht-sensor Completed in 4ms
52 timing idealTree:node_modules/node-addon-api Completed in 0ms
53 timing idealTree:buildDeps Completed in 3094ms
54 timing idealTree:fixDepFlags Completed in 2ms
55 timing idealTree Completed in 3127ms
56 timing reify:loadTrees Completed in 3129ms
57 timing reify:diffTrees Completed in 1ms
58 silly reify moves {}
59 timing reify:retireShallow Completed in 2ms
60 timing reify:createSparse Completed in 9ms
61 timing reify:trashOmits Completed in 0ms
62 timing reify:loadBundles Completed in 0ms
63 silly tarball no local data for node-red-contrib-dht-sensor@https://registry.npmjs.org/node-red-contrib-dht-sensor/-/node-red-contrib-dht-sensor-1.0.4.tgz. Extracting by manifest.
64 silly tarball no local data for node-addon-api@https://registry.npmjs.org/node-addon-api/-/node-addon-api-1.7.2.tgz. Extracting by manifest.
65 silly tarball no local data for node-dht-sensor@https://registry.npmjs.org/node-dht-sensor/-/node-dht-sensor-0.4.3.tgz. Extracting by manifest.
66 http fetch GET 200 https://registry.npmjs.org/node-addon-api/-/node-addon-api-1.7.2.tgz 707ms (cache miss)
67 timing reifyNode:node_modules/node-addon-api Completed in 729ms
68 http fetch GET 200 https://registry.npmjs.org/node-dht-sensor/-/node-dht-sensor-0.4.3.tgz 1236ms (cache miss)
69 timing reifyNode:node_modules/node-dht-sensor Completed in 1263ms
70 http fetch GET 200 https://registry.npmjs.org/node-red-contrib-dht-sensor/-/node-red-contrib-dht-sensor-1.0.4.tgz 1476ms (cache miss)
71 timing reifyNode:node_modules/node-red-contrib-dht-sensor Completed in 1494ms
72 timing reify:unpack Completed in 1494ms
73 timing reify:unretire Completed in 0ms
74 timing build:queue Completed in 7ms
75 info run node-dht-sensor@0.4.3 install node_modules/node-dht-sensor node-gyp configure
76 info run node-dht-sensor@0.4.3 install { code: 0, signal: null }
77 timing build:run:install:node_modules/node-dht-sensor Completed in 3235ms
78 timing build:run:install Completed in 3236ms
79 info run node-dht-sensor@0.4.3 postinstall node_modules/node-dht-sensor node-gyp build
80 info run node-dht-sensor@0.4.3 postinstall { code: 0, signal: null }
81 timing build:run:postinstall:node_modules/node-dht-sensor Completed in 4604ms
82 timing build:run:postinstall Completed in 4605ms
83 timing build:deps Completed in 7854ms
84 timing build Completed in 7854ms
85 timing reify:build Completed in 7855ms
86 timing reify:trash Completed in 0ms
87 timing reify:save Completed in 11ms
88 timing reify Completed in 12520ms
89 silly ADD node_modules/node-addon-api
90 silly ADD node_modules/node-dht-sensor
91 silly ADD node_modules/node-red-contrib-dht-sensor
92 timing command:install Completed in 12525ms
93 verbose exit 0
94 timing npm Completed in 12671ms
95 info ok
